\BOOKMARK [1][-]{section.1}{Introduction}{}% 1
\BOOKMARK [1][-]{section.2}{Related Work}{}% 2
\BOOKMARK [1][-]{section.3}{Data and Resources}{}% 3
\BOOKMARK [2][-]{subsection.3.1}{Data Collections}{section.3}% 4
\BOOKMARK [2][-]{subsection.3.2}{Evaluation Measures}{section.3}% 5
\BOOKMARK [2][-]{subsection.3.3}{Preprocessing Pipelines and Heuristics}{section.3}% 6
\BOOKMARK [2][-]{subsection.3.4}{Additional Resources}{section.3}% 7
\BOOKMARK [1][-]{section.4}{Understandability Estimators}{}% 8
\BOOKMARK [1][-]{section.5}{Evaluation of understandability estimators}{}% 9
\BOOKMARK [1][-]{section.6}{Evaluation of Preprocessing Pipelines and Heuristics}{}% 10
\BOOKMARK [1][-]{section.7}{Integrating Understandability into Retrieval}{}% 11
\BOOKMARK [1][-]{section.8}{Evaluation of Understandability Retrieval}{}% 12
\BOOKMARK [2][-]{subsection.8.1}{Re-ranking}{section.8}% 13
\BOOKMARK [2][-]{subsection.8.2}{Rank Fusion}{section.8}% 14
\BOOKMARK [2][-]{subsection.8.3}{Learning to Rank}{section.8}% 15
\BOOKMARK [1][-]{section.9}{Conclusion}{}% 16
\BOOKMARK [1][-]{section*.2}{References}{}% 17
\BOOKMARK [1][-]{IEEEbiography.0}{Biographies}{}% 18
\BOOKMARK [2][-]{IEEEbiography.1}{Joao Palotti}{IEEEbiography.0}% 19
\BOOKMARK [2][-]{IEEEbiography.2}{Guido Zuccon}{IEEEbiography.0}% 20
\BOOKMARK [2][-]{IEEEbiography.3}{Allan Hanbury}{IEEEbiography.0}% 21
