This is pdfTeX, Version 3.14159265-2.6-1.40.16 (TeX Live 2015/Debian) (preloaded format=pdflatex 2017.8.30)  19 OCT 2017 01:37
entering extended mode
 restricted \write18 enabled.
 %&-line parsing enabled.
**main.tex
(./main.tex
LaTeX2e <2016/02/01>
Babel <3.9q> and hyphenation patterns for 10 language(s) loaded.
(./acmart.cls
Document Class: acmart 2017/08/31 v1.47 Typesetting articles for Association of
 Computing Machinery
(/usr/share/texlive/texmf-dist/tex/latex/xkeyval/xkeyval.sty
Package: xkeyval 2014/12/03 v2.7a package option processing (HA)

(/usr/share/texlive/texmf-dist/tex/generic/xkeyval/xkeyval.tex
(/usr/share/texlive/texmf-dist/tex/generic/xkeyval/xkvutils.tex
\XKV@toks=\toks14
\XKV@tempa@toks=\toks15

(/usr/share/texlive/texmf-dist/tex/generic/xkeyval/keyval.tex))
\XKV@depth=\count79
File: xkeyval.tex 2014/12/03 v2.7a key=value parser (HA)
))
(/usr/share/texlive/texmf-dist/tex/generic/xstring/xstring.sty
(/usr/share/texlive/texmf-dist/tex/generic/xstring/xstring.tex
\@xs@message=\write3
\integerpart=\count80
\decimalpart=\count81
)
Package: xstring 2013/10/13  v1.7c  String manipulations (C Tellechea)
)
Package acmart Info: Not using screen mode on input line 73.
Package acmart Info: Requiring acmthm on input line 81.
Package acmart Info: Not using review mode on input line 89.
Package acmart Info: Not using authorversion mode on input line 97.
Package acmart Info: Explicitly selecting natbib mode on input line 105.
Package acmart Info: Not using anonymous mode on input line 113.
Package acmart Info: Not using timestamp mode on input line 121.
Package acmart Info: Not using authordraft mode on input line 131.
Class acmart Info: Using format sigconf, number 4 on input line 140.
Class acmart Info: Using fontsize 9pt on input line 198.

(/usr/share/texlive/texmf-dist/tex/latex/amscls/amsart.cls
Document Class: amsart 2015/03/04 v2.20.2
\linespacing=\dimen102
\normalparindent=\dimen103
\normaltopskip=\skip41
(/usr/share/texlive/texmf-dist/tex/latex/amsmath/amsmath.sty
Package: amsmath 2016/03/03 v2.15a AMS math features
\@mathmargin=\skip42

For additional information on amsmath, use the `?' option.
(/usr/share/texlive/texmf-dist/tex/latex/amsmath/amstext.sty
Package: amstext 2000/06/29 v2.01 AMS text

(/usr/share/texlive/texmf-dist/tex/latex/amsmath/amsgen.sty
File: amsgen.sty 1999/11/30 v2.0 generic functions
\@emptytoks=\toks16
\ex@=\dimen104
))
(/usr/share/texlive/texmf-dist/tex/latex/amsmath/amsbsy.sty
Package: amsbsy 1999/11/29 v1.2d Bold Symbols
\pmbraise@=\dimen105
)
(/usr/share/texlive/texmf-dist/tex/latex/amsmath/amsopn.sty
Package: amsopn 1999/12/14 v2.01 operator names
)
\inf@bad=\count82
LaTeX Info: Redefining \frac on input line 199.
\uproot@=\count83
\leftroot@=\count84
LaTeX Info: Redefining \overline on input line 297.
\classnum@=\count85
\DOTSCASE@=\count86
LaTeX Info: Redefining \ldots on input line 394.
LaTeX Info: Redefining \dots on input line 397.
LaTeX Info: Redefining \cdots on input line 518.
\Mathstrutbox@=\box26
\strutbox@=\box27
\big@size=\dimen106
LaTeX Font Info:    Redeclaring font encoding OML on input line 630.
LaTeX Font Info:    Redeclaring font encoding OMS on input line 631.
\macc@depth=\count87
\c@MaxMatrixCols=\count88
\dotsspace@=\muskip10
\c@parentequation=\count89
\dspbrk@lvl=\count90
\tag@help=\toks17
\row@=\count91
\column@=\count92
\maxfields@=\count93
\andhelp@=\toks18
\eqnshift@=\dimen107
\alignsep@=\dimen108
\tagshift@=\dimen109
\tagwidth@=\dimen110
\totwidth@=\dimen111
\lineht@=\dimen112
\@envbody=\toks19
\multlinegap=\skip43
\multlinetaggap=\skip44
\mathdisplay@stack=\toks20
LaTeX Info: Redefining \[ on input line 2735.
LaTeX Info: Redefining \] on input line 2736.
)
LaTeX Font Info:    Try loading font information for U+msa on input line 388.

(/usr/share/texlive/texmf-dist/tex/latex/amsfonts/umsa.fd
File: umsa.fd 2013/01/14 v3.01 AMS symbols A
)
(/usr/share/texlive/texmf-dist/tex/latex/amsfonts/amsfonts.sty
Package: amsfonts 2013/01/14 v3.01 Basic AMSFonts support
\symAMSa=\mathgroup4
\symAMSb=\mathgroup5
LaTeX Font Info:    Overwriting math alphabet `\mathfrak' in version `bold'
(Font)                  U/euf/m/n --> U/euf/b/n on input line 106.
)
\copyins=\insert199
\abstractbox=\box28
\listisep=\skip45
\c@part=\count94
\c@section=\count95
\c@subsection=\count96
\c@subsubsection=\count97
\c@paragraph=\count98
\c@subparagraph=\count99
\c@figure=\count100
\c@table=\count101
\abovecaptionskip=\skip46
\belowcaptionskip=\skip47
\captionindent=\dimen113
\thm@style=\toks21
\thm@bodyfont=\toks22
\thm@headfont=\toks23
\thm@notefont=\toks24
\thm@headpunct=\toks25
\thm@preskip=\skip48
\thm@postskip=\skip49
\thm@headsep=\skip50
\dth@everypar=\toks26
)
(/usr/share/texlive/texmf-dist/tex/latex/microtype/microtype.sty
Package: microtype 2013/05/23 v2.5a Micro-typographical refinements (RS)
\MT@toks=\toks27
\MT@count=\count102
LaTeX Info: Redefining \textls on input line 766.
\MT@outer@kern=\dimen114
LaTeX Info: Redefining \textmicrotypecontext on input line 1285.
\MT@listname@count=\count103

(/usr/share/texlive/texmf-dist/tex/latex/microtype/microtype-pdftex.def
File: microtype-pdftex.def 2013/05/23 v2.5a Definitions specific to pdftex (RS)

LaTeX Info: Redefining \lsstyle on input line 915.
LaTeX Info: Redefining \lslig on input line 915.
\MT@outer@space=\skip51
)
Package microtype Info: Loading configuration file microtype.cfg.

(/usr/share/texlive/texmf-dist/tex/latex/microtype/microtype.cfg
File: microtype.cfg 2013/05/23 v2.5a microtype main configuration file (RS)
))
(/usr/share/texlive/texmf-dist/tex/latex/etoolbox/etoolbox.sty
Package: etoolbox 2015/08/02 v2.2a e-TeX tools for LaTeX (JAW)
\etb@tempcnta=\count104
)
(/usr/share/texlive/texmf-dist/tex/latex/oberdiek/refcount.sty
Package: refcount 2011/10/16 v3.4 Data extraction from label references (HO)

(/usr/share/texlive/texmf-dist/tex/generic/oberdiek/ltxcmds.sty
Package: ltxcmds 2011/11/09 v1.22 LaTeX kernel commands for general use (HO)
)
(/usr/share/texlive/texmf-dist/tex/generic/oberdiek/infwarerr.sty
Package: infwarerr 2010/04/08 v1.3 Providing info/warning/error messages (HO)
))
(/usr/share/texlive/texmf-dist/tex/latex/totpages/totpages.sty
Package: totpages 2005/09/19 v2.00 Totpages Package (muewi)

(/usr/share/texlive/texmf-dist/tex/latex/ms/everyshi.sty
Package: everyshi 2001/05/15 v3.00 EveryShipout Package (MS)
))
(/usr/share/texlive/texmf-dist/tex/latex/environ/environ.sty
Package: environ 2014/05/04 v0.3 A new way to define environments

(/usr/share/texlive/texmf-dist/tex/latex/trimspaces/trimspaces.sty
Package: trimspaces 2009/09/17 v1.1 Trim spaces around a token list
))
(/usr/share/texlive/texmf-dist/tex/latex/textcase/textcase.sty
Package: textcase 2004/10/07 v0.07 Text only upper/lower case changing (DPC)
)
(/usr/share/texlive/texmf-dist/tex/latex/natbib/natbib.sty
Package: natbib 2010/09/13 8.31b (PWD, AO)
\bibhang=\skip52
\bibsep=\skip53
LaTeX Info: Redefining \cite on input line 694.
\c@NAT@ctr=\count105
)
(/usr/share/texlive/texmf-dist/tex/latex/hyperref/hyperref.sty
Package: hyperref 2012/11/06 v6.83m Hypertext links for LaTeX

(/usr/share/texlive/texmf-dist/tex/generic/oberdiek/hobsub-hyperref.sty
Package: hobsub-hyperref 2012/05/28 v1.13 Bundle oberdiek, subset hyperref (HO)


(/usr/share/texlive/texmf-dist/tex/generic/oberdiek/hobsub-generic.sty
Package: hobsub-generic 2012/05/28 v1.13 Bundle oberdiek, subset generic (HO)
Package: hobsub 2012/05/28 v1.13 Construct package bundles (HO)
Package hobsub Info: Skipping package `infwarerr' (already loaded).
Package hobsub Info: Skipping package `ltxcmds' (already loaded).
Package: ifluatex 2010/03/01 v1.3 Provides the ifluatex switch (HO)
Package ifluatex Info: LuaTeX not detected.
Package: ifvtex 2010/03/01 v1.5 Detect VTeX and its facilities (HO)
Package ifvtex Info: VTeX not detected.
Package: intcalc 2007/09/27 v1.1 Expandable calculations with integers (HO)
Package: ifpdf 2011/01/30 v2.3 Provides the ifpdf switch (HO)
Package ifpdf Info: pdfTeX in PDF mode is detected.
Package: etexcmds 2011/02/16 v1.5 Avoid name clashes with e-TeX commands (HO)
Package etexcmds Info: Could not find \expanded.
(etexcmds)             That can mean that you are not using pdfTeX 1.50 or
(etexcmds)             that some package has redefined \expanded.
(etexcmds)             In the latter case, load this package earlier.
Package: kvsetkeys 2012/04/25 v1.16 Key value parser (HO)
Package: kvdefinekeys 2011/04/07 v1.3 Define keys (HO)
Package: pdftexcmds 2011/11/29 v0.20 Utility functions of pdfTeX for LuaTeX (HO
)
Package pdftexcmds Info: LuaTeX not detected.
Package pdftexcmds Info: \pdf@primitive is available.
Package pdftexcmds Info: \pdf@ifprimitive is available.
Package pdftexcmds Info: \pdfdraftmode found.
Package: pdfescape 2011/11/25 v1.13 Implements pdfTeX's escape features (HO)
Package: bigintcalc 2012/04/08 v1.3 Expandable calculations on big integers (HO
)
Package: bitset 2011/01/30 v1.1 Handle bit-vector datatype (HO)
Package: uniquecounter 2011/01/30 v1.2 Provide unlimited unique counter (HO)
)
Package hobsub Info: Skipping package `hobsub' (already loaded).
Package: letltxmacro 2010/09/02 v1.4 Let assignment for LaTeX macros (HO)
Package: hopatch 2012/05/28 v1.2 Wrapper for package hooks (HO)
Package: xcolor-patch 2011/01/30 xcolor patch
Package: atveryend 2011/06/30 v1.8 Hooks at the very end of document (HO)
Package: atbegshi 2011/10/05 v1.16 At begin shipout hook (HO)
Package hobsub Info: Skipping package `refcount' (already loaded).
Package: hycolor 2011/01/30 v1.7 Color options for hyperref/bookmark (HO)
)
(/usr/share/texlive/texmf-dist/tex/generic/ifxetex/ifxetex.sty
Package: ifxetex 2010/09/12 v0.6 Provides ifxetex conditional
)
(/usr/share/texlive/texmf-dist/tex/latex/oberdiek/auxhook.sty
Package: auxhook 2011/03/04 v1.3 Hooks for auxiliary files (HO)
)
(/usr/share/texlive/texmf-dist/tex/latex/oberdiek/kvoptions.sty
Package: kvoptions 2011/06/30 v3.11 Key value format for package options (HO)
)
\@linkdim=\dimen115
\Hy@linkcounter=\count106
\Hy@pagecounter=\count107

(/usr/share/texlive/texmf-dist/tex/latex/hyperref/pd1enc.def
File: pd1enc.def 2012/11/06 v6.83m Hyperref: PDFDocEncoding definition (HO)
)
\Hy@SavedSpaceFactor=\count108

(/usr/share/texlive/texmf-dist/tex/latex/latexconfig/hyperref.cfg
File: hyperref.cfg 2002/06/06 v1.2 hyperref configuration of TeXLive
)
Package hyperref Info: Option `bookmarksnumbered' set `true' on input line 4319
.
Package hyperref Info: Option `unicode' set `true' on input line 4319.

(/usr/share/texlive/texmf-dist/tex/latex/hyperref/puenc.def
File: puenc.def 2012/11/06 v6.83m Hyperref: PDF Unicode definition (HO)
)
Package hyperref Info: Hyper figures OFF on input line 4443.
Package hyperref Info: Link nesting OFF on input line 4448.
Package hyperref Info: Hyper index ON on input line 4451.
Package hyperref Info: Plain pages OFF on input line 4458.
Package hyperref Info: Backreferencing OFF on input line 4463.
Package hyperref Info: Implicit mode ON; LaTeX internals redefined.
Package hyperref Info: Bookmarks ON on input line 4688.
\c@Hy@tempcnt=\count109

(/usr/share/texlive/texmf-dist/tex/latex/url/url.sty
\Urlmuskip=\muskip11
Package: url 2013/09/16  ver 3.4  Verb mode for urls, etc.
)
LaTeX Info: Redefining \url on input line 5041.
\XeTeXLinkMargin=\dimen116
\Fld@menulength=\count110
\Field@Width=\dimen117
\Fld@charsize=\dimen118
Package hyperref Info: Hyper figures OFF on input line 6295.
Package hyperref Info: Link nesting OFF on input line 6300.
Package hyperref Info: Hyper index ON on input line 6303.
Package hyperref Info: backreferencing OFF on input line 6310.
Package hyperref Info: Link coloring OFF on input line 6315.
Package hyperref Info: Link coloring with OCG OFF on input line 6320.
Package hyperref Info: PDF/A mode OFF on input line 6325.
LaTeX Info: Redefining \ref on input line 6365.
LaTeX Info: Redefining \pageref on input line 6369.
\Hy@abspage=\count111
\c@Item=\count112
\c@Hfootnote=\count113
)

Package hyperref Message: Driver (autodetected): hpdftex.

(/usr/share/texlive/texmf-dist/tex/latex/hyperref/hpdftex.def
File: hpdftex.def 2012/11/06 v6.83m Hyperref driver for pdfTeX
\Fld@listcount=\count114
\c@bookmark@seq@number=\count115

(/usr/share/texlive/texmf-dist/tex/latex/oberdiek/rerunfilecheck.sty
Package: rerunfilecheck 2011/04/15 v1.7 Rerun checks for auxiliary files (HO)
Package uniquecounter Info: New unique counter `rerunfilecheck' on input line 2
82.
)
\Hy@SectionHShift=\skip54
)
(/usr/share/texlive/texmf-dist/tex/latex/graphics/graphicx.sty
Package: graphicx 2014/10/28 v1.0g Enhanced LaTeX Graphics (DPC,SPQR)

(/usr/share/texlive/texmf-dist/tex/latex/graphics/graphics.sty
Package: graphics 2016/01/03 v1.0q Standard LaTeX Graphics (DPC,SPQR)

(/usr/share/texlive/texmf-dist/tex/latex/graphics/trig.sty
Package: trig 2016/01/03 v1.10 sin cos tan (DPC)
)
(/usr/share/texlive/texmf-dist/tex/latex/latexconfig/graphics.cfg
File: graphics.cfg 2010/04/23 v1.9 graphics configuration of TeX Live
)
Package graphics Info: Driver file: pdftex.def on input line 95.

(/usr/share/texlive/texmf-dist/tex/latex/pdftex-def/pdftex.def
File: pdftex.def 2011/05/27 v0.06d Graphics/color for pdfTeX
\Gread@gobject=\count116
))
\Gin@req@height=\dimen119
\Gin@req@width=\dimen120
)
(/usr/share/texlive/texmf-dist/tex/latex/xcolor/xcolor.sty
Package: xcolor 2007/01/21 v2.11 LaTeX color extensions (UK)

(/usr/share/texlive/texmf-dist/tex/latex/latexconfig/color.cfg
File: color.cfg 2007/01/18 v1.5 color configuration of teTeX/TeXLive
)
Package xcolor Info: Driver file: pdftex.def on input line 225.
Package xcolor Info: Model `cmy' substituted by `cmy0' on input line 1337.
Package xcolor Info: Model `hsb' substituted by `rgb' on input line 1341.
Package xcolor Info: Model `RGB' extended on input line 1353.
Package xcolor Info: Model `HTML' substituted by `rgb' on input line 1355.
Package xcolor Info: Model `Hsb' substituted by `hsb' on input line 1356.
Package xcolor Info: Model `tHsb' substituted by `hsb' on input line 1357.
Package xcolor Info: Model `HSB' substituted by `hsb' on input line 1358.
Package xcolor Info: Model `Gray' substituted by `gray' on input line 1359.
Package xcolor Info: Model `wave' substituted by `hsb' on input line 1360.
)
(/usr/share/texlive/texmf-dist/tex/latex/geometry/geometry.sty
Package: geometry 2010/09/12 v5.6 Page Geometry
\Gm@cnth=\count117
\Gm@cntv=\count118
\c@Gm@tempcnt=\count119
\Gm@bindingoffset=\dimen121
\Gm@wd@mp=\dimen122
\Gm@odd@mp=\dimen123
\Gm@even@mp=\dimen124
\Gm@layoutwidth=\dimen125
\Gm@layoutheight=\dimen126
\Gm@layouthoffset=\dimen127
\Gm@layoutvoffset=\dimen128
\Gm@dimlist=\toks28
)
(/usr/share/texlive/texmf-dist/tex/latex/ncctools/manyfoot.sty
Package: manyfoot 2005/09/11 v1.10 Many Footnote Levels Package (NCC)

(/usr/share/texlive/texmf-dist/tex/latex/ncctools/nccfoots.sty
Package: nccfoots 2005/02/03 v1.2 NCC Footnotes Package (NCC)
)
\MFL@columnwidth=\dimen129
)
\footinsauthorsaddresses=\insert198
\c@footnoteauthorsaddresses=\count120
\footinscopyrightpermission=\insert197
\c@footnotecopyrightpermission=\count121

(/usr/share/texlive/texmf-dist/tex/generic/iftex/iftex.sty
Package: iftex 2013/04/04 v0.2 Provides if(tex) conditional for PDFTeX, XeTeX, 
and LuaTeX
)
(/usr/share/texlive/texmf-dist/tex/generic/pdftex/glyphtounicode.tex)
(/usr/share/texlive/texmf-dist/tex/latex/cmap/cmap.sty
Package: cmap 2008/03/06 v1.0h CMap support: searchable PDF
)

Class acmart Warning: You do not have libertine package installed. Please upgra
de your TeX on input line 633.


Class acmart Warning: You do not have zi4 package installed. Please upgrade you
r TeX on input line 635.


Class acmart Warning: You do not have newtxmath package installed. Please upgra
de your TeX on input line 638.

(/usr/share/texlive/texmf-dist/tex/latex/caption/caption.sty
Package: caption 2016/02/21 v3.3-144 Customizing captions (AR)

(/usr/share/texlive/texmf-dist/tex/latex/caption/caption3.sty
Package: caption3 2016/02/04 v1.7-139 caption3 kernel (AR)
Package caption3 Info: TeX engine: e-TeX on input line 67.
\captionmargin=\dimen130
\captionmargin@=\dimen131
\captionwidth=\dimen132
\caption@tempdima=\dimen133
\caption@indent=\dimen134
\caption@parindent=\dimen135
\caption@hangindent=\dimen136
)
Package caption Info: AMS or SMF document class.
\c@ContinuedFloat=\count122
Package caption Info: hyperref package is loaded.
)
(/usr/share/texlive/texmf-dist/tex/latex/float/float.sty
Package: float 2001/11/08 v1.3d Float enhancements (AL)
\c@float@type=\count123
\float@exts=\toks29
\float@box=\box29
\@float@everytoks=\toks30
\@floatcapt=\box30
)
\@float@every@sidebar=\toks31
\c@sidebar=\count124
\fulltextwidth=\dimen137
\@ACM@labelwidth=\dimen138
\listisep=\skip55
\num@authorgroups=\count125
\num@authors=\count126
\@ACM@badge@width=\skip56
\@ACM@title@width=\skip57
\@ACM@badge@skip=\skip58
Class acmart Info: Printing CCS on input line 1252.
Class acmart Info: Printing bibformat on input line 1252.
Class acmart Info: Suppressing folios on input line 1259.
Class acmart Info: Setting authorsperrow to 0 on input line 1262.

(/usr/share/texlive/texmf-dist/tex/latex/comment/comment.sty
\CommentStream=\write4

Excluding comment 'comment') Excluding comment 'CCSXML'
(/usr/share/texlive/texmf-dist/tex/latex/base/textcomp.sty
Package: textcomp 2005/09/27 v1.99g Standard LaTeX package
Package textcomp Info: Sub-encoding information:
(textcomp)               5 = only ISO-Adobe without \textcurrency
(textcomp)               4 = 5 + \texteuro
(textcomp)               3 = 4 + \textohm
(textcomp)               2 = 3 + \textestimated + \textcurrency
(textcomp)               1 = TS1 - \textcircled - \t
(textcomp)               0 = TS1 (full)
(textcomp)             Font families with sub-encoding setting implement
(textcomp)             only a restricted character set as indicated.
(textcomp)             Family '?' is the default used for unknown fonts.
(textcomp)             See the documentation for details.
Package textcomp Info: Setting ? sub-encoding to TS1/1 on input line 79.

(/usr/share/texlive/texmf-dist/tex/latex/base/ts1enc.def
File: ts1enc.def 2001/06/05 v3.0e (jk/car/fm) Standard LaTeX file
)
LaTeX Info: Redefining \oldstylenums on input line 334.
Package textcomp Info: Setting cmr sub-encoding to TS1/0 on input line 349.
Package textcomp Info: Setting cmss sub-encoding to TS1/0 on input line 350.
Package textcomp Info: Setting cmtt sub-encoding to TS1/0 on input line 351.
Package textcomp Info: Setting cmvtt sub-encoding to TS1/0 on input line 352.
Package textcomp Info: Setting cmbr sub-encoding to TS1/0 on input line 353.
Package textcomp Info: Setting cmtl sub-encoding to TS1/0 on input line 354.
Package textcomp Info: Setting ccr sub-encoding to TS1/0 on input line 355.
Package textcomp Info: Setting ptm sub-encoding to TS1/4 on input line 356.
Package textcomp Info: Setting pcr sub-encoding to TS1/4 on input line 357.
Package textcomp Info: Setting phv sub-encoding to TS1/4 on input line 358.
Package textcomp Info: Setting ppl sub-encoding to TS1/3 on input line 359.
Package textcomp Info: Setting pag sub-encoding to TS1/4 on input line 360.
Package textcomp Info: Setting pbk sub-encoding to TS1/4 on input line 361.
Package textcomp Info: Setting pnc sub-encoding to TS1/4 on input line 362.
Package textcomp Info: Setting pzc sub-encoding to TS1/4 on input line 363.
Package textcomp Info: Setting bch sub-encoding to TS1/4 on input line 364.
Package textcomp Info: Setting put sub-encoding to TS1/5 on input line 365.
Package textcomp Info: Setting uag sub-encoding to TS1/5 on input line 366.
Package textcomp Info: Setting ugq sub-encoding to TS1/5 on input line 367.
Package textcomp Info: Setting ul8 sub-encoding to TS1/4 on input line 368.
Package textcomp Info: Setting ul9 sub-encoding to TS1/4 on input line 369.
Package textcomp Info: Setting augie sub-encoding to TS1/5 on input line 370.
Package textcomp Info: Setting dayrom sub-encoding to TS1/3 on input line 371.
Package textcomp Info: Setting dayroms sub-encoding to TS1/3 on input line 372.

Package textcomp Info: Setting pxr sub-encoding to TS1/0 on input line 373.
Package textcomp Info: Setting pxss sub-encoding to TS1/0 on input line 374.
Package textcomp Info: Setting pxtt sub-encoding to TS1/0 on input line 375.
Package textcomp Info: Setting txr sub-encoding to TS1/0 on input line 376.
Package textcomp Info: Setting txss sub-encoding to TS1/0 on input line 377.
Package textcomp Info: Setting txtt sub-encoding to TS1/0 on input line 378.
Package textcomp Info: Setting lmr sub-encoding to TS1/0 on input line 379.
Package textcomp Info: Setting lmdh sub-encoding to TS1/0 on input line 380.
Package textcomp Info: Setting lmss sub-encoding to TS1/0 on input line 381.
Package textcomp Info: Setting lmssq sub-encoding to TS1/0 on input line 382.
Package textcomp Info: Setting lmvtt sub-encoding to TS1/0 on input line 383.
Package textcomp Info: Setting lmtt sub-encoding to TS1/0 on input line 384.
Package textcomp Info: Setting qhv sub-encoding to TS1/0 on input line 385.
Package textcomp Info: Setting qag sub-encoding to TS1/0 on input line 386.
Package textcomp Info: Setting qbk sub-encoding to TS1/0 on input line 387.
Package textcomp Info: Setting qcr sub-encoding to TS1/0 on input line 388.
Package textcomp Info: Setting qcs sub-encoding to TS1/0 on input line 389.
Package textcomp Info: Setting qpl sub-encoding to TS1/0 on input line 390.
Package textcomp Info: Setting qtm sub-encoding to TS1/0 on input line 391.
Package textcomp Info: Setting qzc sub-encoding to TS1/0 on input line 392.
Package textcomp Info: Setting qhvc sub-encoding to TS1/0 on input line 393.
Package textcomp Info: Setting futs sub-encoding to TS1/4 on input line 394.
Package textcomp Info: Setting futx sub-encoding to TS1/4 on input line 395.
Package textcomp Info: Setting futj sub-encoding to TS1/4 on input line 396.
Package textcomp Info: Setting hlh sub-encoding to TS1/3 on input line 397.
Package textcomp Info: Setting hls sub-encoding to TS1/3 on input line 398.
Package textcomp Info: Setting hlst sub-encoding to TS1/3 on input line 399.
Package textcomp Info: Setting hlct sub-encoding to TS1/5 on input line 400.
Package textcomp Info: Setting hlx sub-encoding to TS1/5 on input line 401.
Package textcomp Info: Setting hlce sub-encoding to TS1/5 on input line 402.
Package textcomp Info: Setting hlcn sub-encoding to TS1/5 on input line 403.
Package textcomp Info: Setting hlcw sub-encoding to TS1/5 on input line 404.
Package textcomp Info: Setting hlcf sub-encoding to TS1/5 on input line 405.
Package textcomp Info: Setting pplx sub-encoding to TS1/3 on input line 406.
Package textcomp Info: Setting pplj sub-encoding to TS1/3 on input line 407.
Package textcomp Info: Setting ptmx sub-encoding to TS1/4 on input line 408.
Package textcomp Info: Setting ptmj sub-encoding to TS1/4 on input line 409.
)
\mktitle@bx=\box31
\@ACM@commabox=\box32
\author@bx=\box33
\author@bx@wd=\dimen139
\author@bx@sep=\skip59

(/usr/share/texlive/texmf-dist/tex/latex/fancyhdr/fancyhdr.sty
\fancy@headwidth=\skip60
\f@ncyO@elh=\skip61
\f@ncyO@erh=\skip62
\f@ncyO@olh=\skip63
\f@ncyO@orh=\skip64
\f@ncyO@elf=\skip65
\f@ncyO@erf=\skip66
\f@ncyO@olf=\skip67
\f@ncyO@orf=\skip68
)
\@folio@wd=\dimen140
\@folio@ht=\dimen141
\@folio@voffset=\dimen142

Special comment 'acks')
(/usr/share/texlive/texmf-dist/tex/latex/multirow/multirow.sty
\bigstrutjot=\dimen143
)
(/usr/share/texlive/texmf-dist/tex/latex/amsfonts/amssymb.sty
Package: amssymb 2013/01/14 v3.01 AMS font symbols
)
(/usr/share/texlive/texmf-dist/tex/latex/makecell/makecell.sty
Package: makecell 2009/08/03 V0.1e Managing of Tab Column Heads and Cells

(/usr/share/texlive/texmf-dist/tex/latex/tools/array.sty
Package: array 2014/10/28 v2.4c Tabular extension package (FMi)
\col@sep=\dimen144
\extrarowheight=\dimen145
\NC@list=\toks32
\extratabsurround=\skip69
\backup@length=\skip70
)
\rotheadsize=\dimen146
\c@nlinenum=\count127
\TeXr@lab=\toks33
)
(/usr/share/texlive/texmf-dist/tex/latex/todonotes/todonotes.sty
Package: todonotes 2015/07/09 .dtx Todonotes source and documentation.
Package: todonotes 2012/07/25

(/usr/share/texlive/texmf-dist/tex/latex/base/ifthen.sty
Package: ifthen 2014/09/29 v1.1c Standard LaTeX ifthen package (DPC)
)
(/usr/share/texlive/texmf-dist/tex/latex/pgf/frontendlayer/tikz.sty
(/usr/share/texlive/texmf-dist/tex/latex/pgf/basiclayer/pgf.sty
(/usr/share/texlive/texmf-dist/tex/latex/pgf/utilities/pgfrcs.sty
(/usr/share/texlive/texmf-dist/tex/generic/pgf/utilities/pgfutil-common.tex
\pgfutil@everybye=\toks34
\pgfutil@tempdima=\dimen147
\pgfutil@tempdimb=\dimen148

(/usr/share/texlive/texmf-dist/tex/generic/pgf/utilities/pgfutil-common-lists.t
ex)) (/usr/share/texlive/texmf-dist/tex/generic/pgf/utilities/pgfutil-latex.def
\pgfutil@abb=\box34
) (/usr/share/texlive/texmf-dist/tex/generic/pgf/utilities/pgfrcs.code.tex
Package: pgfrcs 2015/08/07 v3.0.1a (rcs-revision 1.31)
))
Package: pgf 2015/08/07 v3.0.1a (rcs-revision 1.15)

(/usr/share/texlive/texmf-dist/tex/latex/pgf/basiclayer/pgfcore.sty
(/usr/share/texlive/texmf-dist/tex/latex/pgf/systemlayer/pgfsys.sty
(/usr/share/texlive/texmf-dist/tex/generic/pgf/systemlayer/pgfsys.code.tex
Package: pgfsys 2014/07/09 v3.0.1a (rcs-revision 1.48)

(/usr/share/texlive/texmf-dist/tex/generic/pgf/utilities/pgfkeys.code.tex
\pgfkeys@pathtoks=\toks35
\pgfkeys@temptoks=\toks36

(/usr/share/texlive/texmf-dist/tex/generic/pgf/utilities/pgfkeysfiltered.code.t
ex
\pgfkeys@tmptoks=\toks37
))
\pgf@x=\dimen149
\pgf@y=\dimen150
\pgf@xa=\dimen151
\pgf@ya=\dimen152
\pgf@xb=\dimen153
\pgf@yb=\dimen154
\pgf@xc=\dimen155
\pgf@yc=\dimen156
\w@pgf@writea=\write5
\r@pgf@reada=\read1
\c@pgf@counta=\count128
\c@pgf@countb=\count129
\c@pgf@countc=\count130
\c@pgf@countd=\count131
\t@pgf@toka=\toks38
\t@pgf@tokb=\toks39
\t@pgf@tokc=\toks40
 (/usr/share/texlive/texmf-dist/tex/generic/pgf/systemlayer/pgf.cfg
File: pgf.cfg 2008/05/14  (rcs-revision 1.7)
)
Driver file for pgf: pgfsys-pdftex.def

(/usr/share/texlive/texmf-dist/tex/generic/pgf/systemlayer/pgfsys-pdftex.def
File: pgfsys-pdftex.def 2014/10/11  (rcs-revision 1.35)

(/usr/share/texlive/texmf-dist/tex/generic/pgf/systemlayer/pgfsys-common-pdf.de
f
File: pgfsys-common-pdf.def 2013/10/10  (rcs-revision 1.13)
)))
(/usr/share/texlive/texmf-dist/tex/generic/pgf/systemlayer/pgfsyssoftpath.code.
tex
File: pgfsyssoftpath.code.tex 2013/09/09  (rcs-revision 1.9)
\pgfsyssoftpath@smallbuffer@items=\count132
\pgfsyssoftpath@bigbuffer@items=\count133
)
(/usr/share/texlive/texmf-dist/tex/generic/pgf/systemlayer/pgfsysprotocol.code.
tex
File: pgfsysprotocol.code.tex 2006/10/16  (rcs-revision 1.4)
))
(/usr/share/texlive/texmf-dist/tex/generic/pgf/basiclayer/pgfcore.code.tex
Package: pgfcore 2010/04/11 v3.0.1a (rcs-revision 1.7)

(/usr/share/texlive/texmf-dist/tex/generic/pgf/math/pgfmath.code.tex
(/usr/share/texlive/texmf-dist/tex/generic/pgf/math/pgfmathcalc.code.tex
(/usr/share/texlive/texmf-dist/tex/generic/pgf/math/pgfmathutil.code.tex)
(/usr/share/texlive/texmf-dist/tex/generic/pgf/math/pgfmathparser.code.tex
\pgfmath@dimen=\dimen157
\pgfmath@count=\count134
\pgfmath@box=\box35
\pgfmath@toks=\toks41
\pgfmath@stack@operand=\toks42
\pgfmath@stack@operation=\toks43
)
(/usr/share/texlive/texmf-dist/tex/generic/pgf/math/pgfmathfunctions.code.tex
(/usr/share/texlive/texmf-dist/tex/generic/pgf/math/pgfmathfunctions.basic.code
.tex)
(/usr/share/texlive/texmf-dist/tex/generic/pgf/math/pgfmathfunctions.trigonomet
ric.code.tex)
(/usr/share/texlive/texmf-dist/tex/generic/pgf/math/pgfmathfunctions.random.cod
e.tex)
(/usr/share/texlive/texmf-dist/tex/generic/pgf/math/pgfmathfunctions.comparison
.code.tex)
(/usr/share/texlive/texmf-dist/tex/generic/pgf/math/pgfmathfunctions.base.code.
tex)
(/usr/share/texlive/texmf-dist/tex/generic/pgf/math/pgfmathfunctions.round.code
.tex)
(/usr/share/texlive/texmf-dist/tex/generic/pgf/math/pgfmathfunctions.misc.code.
tex)
(/usr/share/texlive/texmf-dist/tex/generic/pgf/math/pgfmathfunctions.integerari
thmetics.code.tex)))
(/usr/share/texlive/texmf-dist/tex/generic/pgf/math/pgfmathfloat.code.tex
\c@pgfmathroundto@lastzeros=\count135
))
(/usr/share/texlive/texmf-dist/tex/generic/pgf/basiclayer/pgfcorepoints.code.te
x
File: pgfcorepoints.code.tex 2013/10/07  (rcs-revision 1.27)
\pgf@picminx=\dimen158
\pgf@picmaxx=\dimen159
\pgf@picminy=\dimen160
\pgf@picmaxy=\dimen161
\pgf@pathminx=\dimen162
\pgf@pathmaxx=\dimen163
\pgf@pathminy=\dimen164
\pgf@pathmaxy=\dimen165
\pgf@xx=\dimen166
\pgf@xy=\dimen167
\pgf@yx=\dimen168
\pgf@yy=\dimen169
\pgf@zx=\dimen170
\pgf@zy=\dimen171
)
(/usr/share/texlive/texmf-dist/tex/generic/pgf/basiclayer/pgfcorepathconstruct.
code.tex
File: pgfcorepathconstruct.code.tex 2013/10/07  (rcs-revision 1.29)
\pgf@path@lastx=\dimen172
\pgf@path@lasty=\dimen173
)
(/usr/share/texlive/texmf-dist/tex/generic/pgf/basiclayer/pgfcorepathusage.code
.tex
File: pgfcorepathusage.code.tex 2014/11/02  (rcs-revision 1.24)
\pgf@shorten@end@additional=\dimen174
\pgf@shorten@start@additional=\dimen175
)
(/usr/share/texlive/texmf-dist/tex/generic/pgf/basiclayer/pgfcorescopes.code.te
x
File: pgfcorescopes.code.tex 2015/05/08  (rcs-revision 1.46)
\pgfpic=\box36
\pgf@hbox=\box37
\pgf@layerbox@main=\box38
\pgf@picture@serial@count=\count136
)
(/usr/share/texlive/texmf-dist/tex/generic/pgf/basiclayer/pgfcoregraphicstate.c
ode.tex
File: pgfcoregraphicstate.code.tex 2014/11/02  (rcs-revision 1.12)
\pgflinewidth=\dimen176
)
(/usr/share/texlive/texmf-dist/tex/generic/pgf/basiclayer/pgfcoretransformation
s.code.tex
File: pgfcoretransformations.code.tex 2015/08/07  (rcs-revision 1.20)
\pgf@pt@x=\dimen177
\pgf@pt@y=\dimen178
\pgf@pt@temp=\dimen179
)
(/usr/share/texlive/texmf-dist/tex/generic/pgf/basiclayer/pgfcorequick.code.tex
File: pgfcorequick.code.tex 2008/10/09  (rcs-revision 1.3)
)
(/usr/share/texlive/texmf-dist/tex/generic/pgf/basiclayer/pgfcoreobjects.code.t
ex
File: pgfcoreobjects.code.tex 2006/10/11  (rcs-revision 1.2)
)
(/usr/share/texlive/texmf-dist/tex/generic/pgf/basiclayer/pgfcorepathprocessing
.code.tex
File: pgfcorepathprocessing.code.tex 2013/09/09  (rcs-revision 1.9)
)
(/usr/share/texlive/texmf-dist/tex/generic/pgf/basiclayer/pgfcorearrows.code.te
x
File: pgfcorearrows.code.tex 2015/05/14  (rcs-revision 1.43)
\pgfarrowsep=\dimen180
)
(/usr/share/texlive/texmf-dist/tex/generic/pgf/basiclayer/pgfcoreshade.code.tex
File: pgfcoreshade.code.tex 2013/07/15  (rcs-revision 1.15)
\pgf@max=\dimen181
\pgf@sys@shading@range@num=\count137
)
(/usr/share/texlive/texmf-dist/tex/generic/pgf/basiclayer/pgfcoreimage.code.tex
File: pgfcoreimage.code.tex 2013/07/15  (rcs-revision 1.18)

(/usr/share/texlive/texmf-dist/tex/generic/pgf/basiclayer/pgfcoreexternal.code.
tex
File: pgfcoreexternal.code.tex 2014/07/09  (rcs-revision 1.21)
\pgfexternal@startupbox=\box39
))
(/usr/share/texlive/texmf-dist/tex/generic/pgf/basiclayer/pgfcorelayers.code.te
x
File: pgfcorelayers.code.tex 2013/07/18  (rcs-revision 1.7)
)
(/usr/share/texlive/texmf-dist/tex/generic/pgf/basiclayer/pgfcoretransparency.c
ode.tex
File: pgfcoretransparency.code.tex 2013/09/30  (rcs-revision 1.5)
)
(/usr/share/texlive/texmf-dist/tex/generic/pgf/basiclayer/pgfcorepatterns.code.
tex
File: pgfcorepatterns.code.tex 2013/11/07  (rcs-revision 1.5)
)))
(/usr/share/texlive/texmf-dist/tex/generic/pgf/modules/pgfmoduleshapes.code.tex
File: pgfmoduleshapes.code.tex 2014/03/21  (rcs-revision 1.35)
\pgfnodeparttextbox=\box40
) (/usr/share/texlive/texmf-dist/tex/generic/pgf/modules/pgfmoduleplot.code.tex
File: pgfmoduleplot.code.tex 2015/08/03  (rcs-revision 1.13)
)
(/usr/share/texlive/texmf-dist/tex/latex/pgf/compatibility/pgfcomp-version-0-65
.sty
Package: pgfcomp-version-0-65 2007/07/03 v3.0.1a (rcs-revision 1.7)
\pgf@nodesepstart=\dimen182
\pgf@nodesepend=\dimen183
)
(/usr/share/texlive/texmf-dist/tex/latex/pgf/compatibility/pgfcomp-version-1-18
.sty
Package: pgfcomp-version-1-18 2007/07/23 v3.0.1a (rcs-revision 1.1)
)) (/usr/share/texlive/texmf-dist/tex/latex/pgf/utilities/pgffor.sty
(/usr/share/texlive/texmf-dist/tex/latex/pgf/utilities/pgfkeys.sty
(/usr/share/texlive/texmf-dist/tex/generic/pgf/utilities/pgfkeys.code.tex))
(/usr/share/texlive/texmf-dist/tex/latex/pgf/math/pgfmath.sty
(/usr/share/texlive/texmf-dist/tex/generic/pgf/math/pgfmath.code.tex))
(/usr/share/texlive/texmf-dist/tex/generic/pgf/utilities/pgffor.code.tex
Package: pgffor 2013/12/13 v3.0.1a (rcs-revision 1.25)

(/usr/share/texlive/texmf-dist/tex/generic/pgf/math/pgfmath.code.tex)
\pgffor@iter=\dimen184
\pgffor@skip=\dimen185
\pgffor@stack=\toks44
\pgffor@toks=\toks45
))
(/usr/share/texlive/texmf-dist/tex/generic/pgf/frontendlayer/tikz/tikz.code.tex
Package: tikz 2015/08/07 v3.0.1a (rcs-revision 1.151)

(/usr/share/texlive/texmf-dist/tex/generic/pgf/libraries/pgflibraryplothandlers
.code.tex
File: pgflibraryplothandlers.code.tex 2013/08/31 v3.0.1a (rcs-revision 1.20)
\pgf@plot@mark@count=\count138
\pgfplotmarksize=\dimen186
)
\tikz@lastx=\dimen187
\tikz@lasty=\dimen188
\tikz@lastxsaved=\dimen189
\tikz@lastysaved=\dimen190
\tikzleveldistance=\dimen191
\tikzsiblingdistance=\dimen192
\tikz@figbox=\box41
\tikz@figbox@bg=\box42
\tikz@tempbox=\box43
\tikz@tempbox@bg=\box44
\tikztreelevel=\count139
\tikznumberofchildren=\count140
\tikznumberofcurrentchild=\count141
\tikz@fig@count=\count142

(/usr/share/texlive/texmf-dist/tex/generic/pgf/modules/pgfmodulematrix.code.tex
File: pgfmodulematrix.code.tex 2013/09/17  (rcs-revision 1.8)
\pgfmatrixcurrentrow=\count143
\pgfmatrixcurrentcolumn=\count144
\pgf@matrix@numberofcolumns=\count145
)
\tikz@expandcount=\count146

(/usr/share/texlive/texmf-dist/tex/generic/pgf/frontendlayer/tikz/libraries/tik
zlibrarytopaths.code.tex
File: tikzlibrarytopaths.code.tex 2008/06/17 v3.0.1a (rcs-revision 1.2)
)))
(/usr/share/texlive/texmf-dist/tex/generic/pgf/frontendlayer/tikz/libraries/tik
zlibrarypositioning.code.tex
File: tikzlibrarypositioning.code.tex 2008/10/06 v3.0.1a (rcs-revision 1.7)
)
(/usr/share/texlive/texmf-dist/tex/latex/tools/calc.sty
Package: calc 2014/10/28 v4.3 Infix arithmetic (KKT,FJ)
\calc@Acount=\count147
\calc@Bcount=\count148
\calc@Adimen=\dimen193
\calc@Bdimen=\dimen194
\calc@Askip=\skip71
\calc@Bskip=\skip72
LaTeX Info: Redefining \setlength on input line 80.
LaTeX Info: Redefining \addtolength on input line 81.
\calc@Ccount=\count149
\calc@Cskip=\skip73
)
\c@@todonotes@numberoftodonotes=\count150
)
(/usr/share/texlive/texmf-dist/tex/latex/booktabs/booktabs.sty
Package: booktabs 2005/04/14 v1.61803 publication quality tables
\heavyrulewidth=\dimen195
\lightrulewidth=\dimen196
\cmidrulewidth=\dimen256
\belowrulesep=\dimen257
\belowbottomsep=\dimen258
\aboverulesep=\dimen259
\abovetopsep=\dimen260
\cmidrulesep=\dimen261
\cmidrulekern=\dimen262
\defaultaddspace=\dimen263
\@cmidla=\count151
\@cmidlb=\count152
\@aboverulesep=\dimen264
\@belowrulesep=\dimen265
\@thisruleclass=\count153
\@lastruleclass=\count154
\@thisrulewidth=\dimen266
)
\c@theorem=\count155

Excluding comment 'screenonly' Include comment 'printonly'
Include comment 'anonsuppress' (./main.aux)
\openout1 = `main.aux'.

LaTeX Font Info:    Checking defaults for OML/cmm/m/it on input line 47.
LaTeX Font Info:    ... okay on input line 47.
LaTeX Font Info:    Checking defaults for T1/cmr/m/n on input line 47.
LaTeX Font Info:    ... okay on input line 47.
LaTeX Font Info:    Checking defaults for OT1/cmr/m/n on input line 47.
LaTeX Font Info:    ... okay on input line 47.
LaTeX Font Info:    Checking defaults for OMS/cmsy/m/n on input line 47.
LaTeX Font Info:    ... okay on input line 47.
LaTeX Font Info:    Checking defaults for OMX/cmex/m/n on input line 47.
LaTeX Font Info:    ... okay on input line 47.
LaTeX Font Info:    Checking defaults for U/cmr/m/n on input line 47.
LaTeX Font Info:    ... okay on input line 47.
LaTeX Font Info:    Checking defaults for PD1/pdf/m/n on input line 47.
LaTeX Font Info:    ... okay on input line 47.
LaTeX Font Info:    Checking defaults for PU/pdf/m/n on input line 47.
LaTeX Font Info:    ... okay on input line 47.
LaTeX Font Info:    Checking defaults for TS1/cmr/m/n on input line 47.
LaTeX Font Info:    Try loading font information for TS1+cmr on input line 47.

(/usr/share/texlive/texmf-dist/tex/latex/base/ts1cmr.fd
File: ts1cmr.fd 2014/09/29 v2.5h Standard LaTeX font definitions
)
LaTeX Font Info:    ... okay on input line 47.
<<ot1.cmap>><<oml.cmap>><<oms.cmap>><<omx.cmap>>
LaTeX Font Info:    Try loading font information for U+msa on input line 47.

(/usr/share/texlive/texmf-dist/tex/latex/amsfonts/umsa.fd
File: umsa.fd 2013/01/14 v3.01 AMS symbols A
)
LaTeX Font Info:    Try loading font information for U+msb on input line 47.

(/usr/share/texlive/texmf-dist/tex/latex/amsfonts/umsb.fd
File: umsb.fd 2013/01/14 v3.01 AMS symbols B
)
LaTeX Info: Redefining \microtypecontext on input line 47.
Package microtype Info: Generating PDF output.
Package microtype Info: Character protrusion enabled (level 2).
Package microtype Info: Using default protrusion set `alltext'.
Package microtype Info: Automatic font expansion enabled (level 2),
(microtype)             stretch: 20, shrink: 20, step: 1, non-selected.
Package microtype Info: Using default expansion set `basictext'.
Package microtype Info: No adjustment of tracking.
Package microtype Info: No adjustment of interword spacing.
Package microtype Info: No adjustment of character kerning.

(/usr/share/texlive/texmf-dist/tex/latex/microtype/mt-cmr.cfg
File: mt-cmr.cfg 2013/05/19 v2.2 microtype config. file: Computer Modern Roman 
(RS)
)
ABD: EveryShipout initializing macros
\AtBeginShipoutBox=\box45
Package hyperref Info: Link coloring OFF on input line 47.

(/usr/share/texlive/texmf-dist/tex/latex/hyperref/nameref.sty
Package: nameref 2012/10/27 v2.43 Cross-referencing by name of section

(/usr/share/texlive/texmf-dist/tex/generic/oberdiek/gettitlestring.sty
Package: gettitlestring 2010/12/03 v1.4 Cleanup title references (HO)
)
\c@section@level=\count156
)
LaTeX Info: Redefining \ref on input line 47.
LaTeX Info: Redefining \pageref on input line 47.
LaTeX Info: Redefining \nameref on input line 47.

(./main.out) (./main.out)
\@outlinefile=\write6
\openout6 = `main.out'.


(/usr/share/texlive/texmf-dist/tex/context/base/supp-pdf.mkii
[Loading MPS to PDF converter (version 2006.09.02).]
\scratchcounter=\count157
\scratchdimen=\dimen267
\scratchbox=\box46
\nofMPsegments=\count158
\nofMParguments=\count159
\everyMPshowfont=\toks46
\MPscratchCnt=\count160
\MPscratchDim=\dimen268
\MPnumerator=\count161
\makeMPintoPDFobject=\count162
\everyMPtoPDFconversion=\toks47
) (/usr/share/texlive/texmf-dist/tex/latex/oberdiek/epstopdf-base.sty
Package: epstopdf-base 2010/02/09 v2.5 Base part for package epstopdf

(/usr/share/texlive/texmf-dist/tex/latex/oberdiek/grfext.sty
Package: grfext 2010/08/19 v1.1 Manage graphics extensions (HO)
)
Package grfext Info: Graphics extension search list:
(grfext)             [.png,.pdf,.jpg,.mps,.jpeg,.jbig2,.jb2,.PNG,.PDF,.JPG,.JPE
G,.JBIG2,.JB2,.eps]
(grfext)             \AppendGraphicsExtensions on input line 452.

(/usr/share/texlive/texmf-dist/tex/latex/latexconfig/epstopdf-sys.cfg
File: epstopdf-sys.cfg 2010/07/13 v1.3 Configuration of (r)epstopdf for TeX Liv
e
))
*geometry* driver: auto-detecting
*geometry* detected driver: pdftex
*geometry* verbose mode - [ preamble ] result:
* driver: pdftex
* paper: custom
* layout: <same size as paper>
* layoutoffset:(h,v)=(0.0pt,0.0pt)
* modes: includehead includefoot twoside heightrounded 
* h-part:(L,W,R)=(54.0pt, 506.295pt, 54.0pt)
* v-part:(T,H,B)=(57.0pt, 664.96999pt, 73.0pt)
* \paperwidth=614.295pt
* \paperheight=794.96999pt
* \textwidth=506.295pt
* \textheight=626.0pt
* \oddsidemargin=-18.26999pt
* \evensidemargin=-18.26999pt
* \topmargin=-15.26999pt
* \headheight=13.0pt
* \headsep=14.0pt
* \topskip=10.0pt
* \footskip=12.0pt
* \marginparwidth=24.0pt
* \marginparsep=11.0pt
* \columnsep=24.0pt
* \skip\footins=7.0pt plus 11.0pt
* \hoffset=0.0pt
* \voffset=0.0pt
* \mag=1000
* \@twocolumnfalse
* \@twosidetrue
* \@mparswitchtrue
* \@reversemarginfalse
* (1in=72.27pt=25.4mm, 1cm=28.453pt)

Package caption Info: Begin \AtBeginDocument code.
Package caption Info: float package is loaded.
Package caption Info: End \AtBeginDocument code.
Package microtype Info: Loading generic settings for font family
(microtype)             `cmss' (encoding: OT1).
(microtype)             For optimal results, create family-specific settings.
(microtype)             See the microtype manual for details.
(/usr/share/texlive/texmf-dist/tex/latex/microtype/mt-msa.cfg
File: mt-msa.cfg 2006/02/04 v1.1 microtype config. file: AMS symbols (a) (RS)
)
(/usr/share/texlive/texmf-dist/tex/latex/microtype/mt-msb.cfg
File: mt-msb.cfg 2005/06/01 v1.0 microtype config. file: AMS symbols (b) (RS)
)
Overfull \hbox (3.94197pt too wide) in paragraph at lines 102--102
\OT1/cmr/m/n/8 (-20) . 2017. Ti-tle. In \OT1/cmr/m/it/8 (-20) Pro-ceed-ings of 
ACM Wood-stock con-fer-ence (WOOD-
 []

(../text.tex
Package hyperref Info: bookmark level for unknown todo defaults to 0 on input l
ine 44.

Overfull \hbox (21.38052pt too wide) in paragraph at lines 44--44
\OT1/cmr/m/n/9 (-20) roadmap?  
 []


Overfull \hbox (21.38052pt too wide) in paragraph at lines 44--44
\OT1/cmr/m/n/9 (-20) roadmap?  
 []


Overfull \hbox (21.38052pt too wide) in paragraph at lines 44--44
\OT1/cmr/m/n/9 (-20) roadmap?  
 []


Overfull \hbox (21.38052pt too wide) in paragraph at lines 44--44
\OT1/cmr/m/n/9 (-20) roadmap?  
 []


Overfull \hbox (3.33751pt too wide) in paragraph at lines 54--55
\OT1/cmr/m/n/9 (-20) Readability for-mu-las? CLEF work? CIKM pa-per? White/MSR
 []

[1.1{/var/lib/texmf/fonts/map/pdftex/updmap/pdftex.map}

]
<graphics/bar_corr_pearson15_values.pdf, id=113, 873.48831pt x 315.71545pt>
File: graphics/bar_corr_pearson15_values.pdf Graphic file (type pdf)

<use graphics/bar_corr_pearson15_values.pdf>
Package pdftex.def Info: graphics/bar_corr_pearson15_values.pdf used on input l
ine 83.
(pdftex.def)             Requested size: 506.295pt x 182.99947pt.

<graphics/bar_corr_spearman15_values.pdf, id=114, 873.48831pt x 322.25392pt>
File: graphics/bar_corr_spearman15_values.pdf Graphic file (type pdf)

<use graphics/bar_corr_spearman15_values.pdf>
Package pdftex.def Info: graphics/bar_corr_spearman15_values.pdf used on input 
line 84.
(pdftex.def)             Requested size: 506.295pt x 186.78938pt.

<graphics/bar_corr_kendalltau15_values.pdf, id=115, 873.48831pt x 328.11958pt>
File: graphics/bar_corr_kendalltau15_values.pdf Graphic file (type pdf)

<use graphics/bar_corr_kendalltau15_values.pdf>
Package pdftex.def Info: graphics/bar_corr_kendalltau15_values.pdf used on inpu
t line 85.
(pdftex.def)             Requested size: 506.295pt x 190.18932pt.

<graphics/legend62.pdf, id=116, 965.57613pt x 89.65056pt>
File: graphics/legend62.pdf Graphic file (type pdf)

<use graphics/legend62.pdf>
Package pdftex.def Info: graphics/legend62.pdf used on input line 86.
(pdftex.def)             Requested size: 506.295pt x 47.00705pt.

Overfull \hbox (265.1475pt too wide) in paragraph at lines 83--87
 [][] 
 []


Overfull \hbox (265.1475pt too wide) in paragraph at lines 83--87
 [] 
 []


Overfull \hbox (265.1475pt too wide) in paragraph at lines 83--87
 [] 
 []


Overfull \hbox (265.1475pt too wide) in paragraph at lines 83--87
 [] 
 []


LaTeX Warning: Float too large for page by 28.98521pt on input line 89.

<graphics/bar_corr_pearson16_values.pdf, id=117, 873.48831pt x 315.71545pt>
File: graphics/bar_corr_pearson16_values.pdf Graphic file (type pdf)

<use graphics/bar_corr_pearson16_values.pdf>
Package pdftex.def Info: graphics/bar_corr_pearson16_values.pdf used on input l
ine 93.
(pdftex.def)             Requested size: 506.295pt x 182.99947pt.

<graphics/bar_corr_spearman16_values.pdf, id=118, 873.48831pt x 322.25392pt>
File: graphics/bar_corr_spearman16_values.pdf Graphic file (type pdf)

<use graphics/bar_corr_spearman16_values.pdf>
Package pdftex.def Info: graphics/bar_corr_spearman16_values.pdf used on input 
line 94.
(pdftex.def)             Requested size: 506.295pt x 186.78938pt.

<graphics/bar_corr_kendalltau16_values.pdf, id=119, 873.48831pt x 328.11958pt>
File: graphics/bar_corr_kendalltau16_values.pdf Graphic file (type pdf)

<use graphics/bar_corr_kendalltau16_values.pdf>
Package pdftex.def Info: graphics/bar_corr_kendalltau16_values.pdf used on inpu
t line 95.
(pdftex.def)             Requested size: 506.295pt x 190.18932pt.
File: graphics/legend62.pdf Graphic file (type pdf)
 <use graphics/legend62.pdf>
Package pdftex.def Info: graphics/legend62.pdf used on input line 96.
(pdftex.def)             Requested size: 506.295pt x 47.00705pt.

Overfull \hbox (265.1475pt too wide) in paragraph at lines 93--97
 [][] 
 []


Overfull \hbox (265.1475pt too wide) in paragraph at lines 93--97
 [] 
 []


Overfull \hbox (265.1475pt too wide) in paragraph at lines 93--97
 [] 
 []


Overfull \hbox (265.1475pt too wide) in paragraph at lines 93--97
 [] 
 []


LaTeX Warning: Float too large for page by 28.98521pt on input line 99.


LaTeX Warning: Reference `tab:formulas' on page 2 undefined on input line 115.


Underfull \vbox (badness 1270) has occurred while \output is active []



LaTeX Warning: Reference `chp:user_query_logs' on page 2 undefined on input lin
e 127.


LaTeX Warning: Reference `chp:medical_expertise' on page 2 undefined on input l
ine 127.


LaTeX Warning: Reference `sec:semantic' on page 2 undefined on input line 128.

[2.2] <graphics/hyperthermia.png, id=171, 772.8875pt x 576.1525pt>
File: graphics/hyperthermia.png Graphic file (type png)

<use graphics/hyperthermia.png>
Package pdftex.def Info: graphics/hyperthermia.png used on input line 167.
(pdftex.def)             Requested size: 253.14749pt x 188.7067pt.

Overfull \hbox (12.0pt too wide) in paragraph at lines 167--168
 [][] 
 []

(./tab_collection_stats.tex)

LaTeX Warning: Reference `sec:word_freq' on page 3 undefined on input line 179.


(./tab_doc_features.tex)
Overfull \hbox (19.81567pt too wide) in paragraph at lines 201--201
[][][][]\OT1/cmr/m/n/9 (-20) hypotesis 
 []


Overfull \hbox (14.92552pt too wide) in paragraph at lines 201--201
\OT1/cmr/m/n/9 (-20) kendatll 
 []


Overfull \hbox (5.65594pt too wide) in paragraph at lines 201--201
\OT1/cmr/m/n/9 (-20) spear- 
 []


Overfull \hbox (1.79239pt too wide) in paragraph at lines 201--201
\OT1/cmr/m/n/9 (-20) ways 
 []


Overfull \hbox (3.59814pt too wide) in paragraph at lines 201--201
\OT1/cmr/m/n/9 (-20) point 
 []


Overfull \hbox (2.89447pt too wide) in paragraph at lines 201--201
\OT1/cmr/m/n/9 (-20) same 
 []


Overfull \hbox (19.81567pt too wide) in paragraph at lines 201--201
[][][][]\OT1/cmr/m/n/9 (-20) hypotesis 
 []


Overfull \hbox (14.92552pt too wide) in paragraph at lines 201--201
\OT1/cmr/m/n/9 (-20) kendatll 
 []


Overfull \hbox (5.65594pt too wide) in paragraph at lines 201--201
\OT1/cmr/m/n/9 (-20) spear- 
 []


Overfull \hbox (1.79239pt too wide) in paragraph at lines 201--201
\OT1/cmr/m/n/9 (-20) ways 
 []


Overfull \hbox (3.59814pt too wide) in paragraph at lines 201--201
\OT1/cmr/m/n/9 (-20) point 
 []


Overfull \hbox (2.89447pt too wide) in paragraph at lines 201--201
\OT1/cmr/m/n/9 (-20) same 
 []


Overfull \hbox (19.81567pt too wide) in paragraph at lines 201--201
[][][][]\OT1/cmr/m/n/9 (-20) hypotesis 
 []


Overfull \hbox (14.92552pt too wide) in paragraph at lines 201--201
\OT1/cmr/m/n/9 (-20) kendatll 
 []


Overfull \hbox (5.65594pt too wide) in paragraph at lines 201--201
\OT1/cmr/m/n/9 (-20) spear- 
 []


Overfull \hbox (1.79239pt too wide) in paragraph at lines 201--201
\OT1/cmr/m/n/9 (-20) ways 
 []


Overfull \hbox (3.59814pt too wide) in paragraph at lines 201--201
\OT1/cmr/m/n/9 (-20) point 
 []


Overfull \hbox (2.89447pt too wide) in paragraph at lines 201--201
\OT1/cmr/m/n/9 (-20) same 
 []


Overfull \hbox (19.81567pt too wide) in paragraph at lines 201--201
[][][][]\OT1/cmr/m/n/9 (-20) hypotesis 
 []


Overfull \hbox (14.92552pt too wide) in paragraph at lines 201--201
\OT1/cmr/m/n/9 (-20) kendatll 
 []


Overfull \hbox (5.65594pt too wide) in paragraph at lines 201--201
\OT1/cmr/m/n/9 (-20) spear- 
 []


Overfull \hbox (1.79239pt too wide) in paragraph at lines 201--201
\OT1/cmr/m/n/9 (-20) ways 
 []


Overfull \hbox (3.59814pt too wide) in paragraph at lines 201--201
\OT1/cmr/m/n/9 (-20) point 
 []


Overfull \hbox (2.89447pt too wide) in paragraph at lines 201--201
\OT1/cmr/m/n/9 (-20) same 
 []

[3.3]
Overfull \hbox (8.03128pt too wide) in paragraph at lines 211--211
\OT1/cmr/m/n/9 (-20) misses 
 []


Overfull \hbox (2.89447pt too wide) in paragraph at lines 211--211
\OT1/cmr/m/n/9 (-20) some 
 []


Overfull \hbox (1.13388pt too wide) in paragraph at lines 211--211
\OT1/cmr/m/n/9 (-20) least 
 []


Overfull \hbox (8.03128pt too wide) in paragraph at lines 211--211
\OT1/cmr/m/n/9 (-20) misses 
 []


Overfull \hbox (2.89447pt too wide) in paragraph at lines 211--211
\OT1/cmr/m/n/9 (-20) some 
 []


Overfull \hbox (1.13388pt too wide) in paragraph at lines 211--211
\OT1/cmr/m/n/9 (-20) least 
 []


Overfull \hbox (8.03128pt too wide) in paragraph at lines 211--211
\OT1/cmr/m/n/9 (-20) misses 
 []


Overfull \hbox (2.89447pt too wide) in paragraph at lines 211--211
\OT1/cmr/m/n/9 (-20) some 
 []


Overfull \hbox (1.13388pt too wide) in paragraph at lines 211--211
\OT1/cmr/m/n/9 (-20) least 
 []


Overfull \hbox (8.03128pt too wide) in paragraph at lines 211--211
\OT1/cmr/m/n/9 (-20) misses 
 []


Overfull \hbox (2.89447pt too wide) in paragraph at lines 211--211
\OT1/cmr/m/n/9 (-20) some 
 []


Overfull \hbox (1.13388pt too wide) in paragraph at lines 211--211
\OT1/cmr/m/n/9 (-20) least 
 []

(./tab_top_corr_metrics.tex)
Underfull \vbox (badness 10000) has occurred while \output is active []


Underfull \vbox (badness 10000) has occurred while \output is active []

 [4.4]
<graphics/box_pearson15_raw_values.pdf, id=223, 972.92862pt x 584.97263pt>
File: graphics/box_pearson15_raw_values.pdf Graphic file (type pdf)

<use graphics/box_pearson15_raw_values.pdf>
Package pdftex.def Info: graphics/box_pearson15_raw_values.pdf used on input li
ne 229.
(pdftex.def)             Requested size: 354.40495pt x 213.08925pt.

<graphics/box_spearman15_raw_values.pdf, id=224, 972.92862pt x 584.97263pt>
File: graphics/box_spearman15_raw_values.pdf Graphic file (type pdf)

<use graphics/box_spearman15_raw_values.pdf>
Package pdftex.def Info: graphics/box_spearman15_raw_values.pdf used on input l
ine 230.
(pdftex.def)             Requested size: 354.40495pt x 213.08925pt.

<graphics/box_kendalltau15_raw_values.pdf, id=225, 972.92862pt x 584.97263pt>
File: graphics/box_kendalltau15_raw_values.pdf Graphic file (type pdf)

<use graphics/box_kendalltau15_raw_values.pdf>
Package pdftex.def Info: graphics/box_kendalltau15_raw_values.pdf used on input
 line 231.
(pdftex.def)             Requested size: 354.40495pt x 213.08925pt.

<graphics/legendCorr.pdf, id=226, 871.99838pt x 260.42326pt>
File: graphics/legendCorr.pdf Graphic file (type pdf)

<use graphics/legendCorr.pdf>
Package pdftex.def Info: graphics/legendCorr.pdf used on input line 232.
(pdftex.def)             Requested size: 329.08865pt x 98.28235pt.

Overfull \hbox (113.25746pt too wide) in paragraph at lines 229--234
 [][] 
 []


Overfull \hbox (113.25746pt too wide) in paragraph at lines 229--234
 [] 
 []


Overfull \hbox (113.25746pt too wide) in paragraph at lines 229--234
 [] 
 []


Overfull \hbox (87.94116pt too wide) in paragraph at lines 229--234
 [] 
 []


LaTeX Warning: Float too large for page by 153.09735pt on input line 236.

<graphics/box_pearson16_raw_values.pdf, id=227, 972.92862pt x 582.50613pt>
File: graphics/box_pearson16_raw_values.pdf Graphic file (type pdf)

<use graphics/box_pearson16_raw_values.pdf>
Package pdftex.def Info: graphics/box_pearson16_raw_values.pdf used on input li
ne 240.
(pdftex.def)             Requested size: 354.40495pt x 212.19077pt.

<graphics/box_spearman16_raw_values.pdf, id=228, 972.92862pt x 584.97263pt>
File: graphics/box_spearman16_raw_values.pdf Graphic file (type pdf)

<use graphics/box_spearman16_raw_values.pdf>
Package pdftex.def Info: graphics/box_spearman16_raw_values.pdf used on input l
ine 241.
(pdftex.def)             Requested size: 354.40495pt x 213.08925pt.

<graphics/box_kendalltau16_raw_values.pdf, id=229, 972.92862pt x 584.97263pt>
File: graphics/box_kendalltau16_raw_values.pdf Graphic file (type pdf)

<use graphics/box_kendalltau16_raw_values.pdf>
Package pdftex.def Info: graphics/box_kendalltau16_raw_values.pdf used on input
 line 242.
(pdftex.def)             Requested size: 354.40495pt x 213.08925pt.
File: graphics/legendCorr.pdf Graphic file (type pdf)
 <use graphics/legendCorr.pdf>
Package pdftex.def Info: graphics/legendCorr.pdf used on input line 243.
(pdftex.def)             Requested size: 329.08865pt x 98.28235pt.

Overfull \hbox (113.25746pt too wide) in paragraph at lines 240--245
 [][] 
 []


Overfull \hbox (113.25746pt too wide) in paragraph at lines 240--245
 [] 
 []


Overfull \hbox (113.25746pt too wide) in paragraph at lines 240--245
 [] 
 []


Overfull \hbox (87.94116pt too wide) in paragraph at lines 240--245
 [] 
 []


LaTeX Warning: Float too large for page by 152.19887pt on input line 247.


LaTeX Warning: Reference `chp:preprocessing' on page 5 undefined on input line 
260.


Underfull \vbox (badness 10000) has occurred while \output is active []


(./tab_comparison_preprocessing.tex)
Overfull \hbox (2.58376pt too wide) in paragraph at lines 277--277
\OT1/cmr/m/n/9 (-20) mula 
 []


Overfull \hbox (2.58376pt too wide) in paragraph at lines 277--277
\OT1/cmr/m/n/9 (-20) mula 
 []


Overfull \hbox (2.58376pt too wide) in paragraph at lines 277--277
\OT1/cmr/m/n/9 (-20) mula 
 []


Overfull \hbox (2.58376pt too wide) in paragraph at lines 277--277
\OT1/cmr/m/n/9 (-20) mula 
 []


Overfull \hbox (3.8513pt too wide) in paragraph at lines 282--282
\OT1/cmr/m/n/9 (-20) cided 
 []


Overfull \hbox (9.42786pt too wide) in paragraph at lines 282--282
\OT1/cmr/m/n/9 (-20) thresh- 
 []


Overfull \hbox (5.41249pt too wide) in paragraph at lines 282--282
\OT1/cmr/m/n/9 (-20) based 
 []


Overfull \hbox (1.5498pt too wide) in paragraph at lines 282--282
\OT1/cmr/m/n/9 (-20) data. 
 []


Overfull \hbox (1.33665pt too wide) in paragraph at lines 282--282
\OT1/cmr/m/n/9 (-20) need 
 []


Overfull \hbox (3.0658pt too wide) in paragraph at lines 282--282
\OT1/cmr/m/n/9 (-20) clam, 
 []


Overfull \hbox (4.82324pt too wide) in paragraph at lines 282--282
\OT1/cmr/m/n/9 (-20) think.  
 []


Overfull \hbox (3.8513pt too wide) in paragraph at lines 282--282
\OT1/cmr/m/n/9 (-20) cided 
 []


Overfull \hbox (9.42786pt too wide) in paragraph at lines 282--282
\OT1/cmr/m/n/9 (-20) thresh- 
 []


Overfull \hbox (5.41249pt too wide) in paragraph at lines 282--282
\OT1/cmr/m/n/9 (-20) based 
 []


Overfull \hbox (1.5498pt too wide) in paragraph at lines 282--282
\OT1/cmr/m/n/9 (-20) data. 
 []


Overfull \hbox (1.33665pt too wide) in paragraph at lines 282--282
\OT1/cmr/m/n/9 (-20) need 
 []


Overfull \hbox (3.0658pt too wide) in paragraph at lines 282--282
\OT1/cmr/m/n/9 (-20) clam, 
 []


Overfull \hbox (4.82324pt too wide) in paragraph at lines 282--282
\OT1/cmr/m/n/9 (-20) think.  
 []


Overfull \hbox (3.8513pt too wide) in paragraph at lines 282--282
\OT1/cmr/m/n/9 (-20) cided 
 []


Overfull \hbox (9.42786pt too wide) in paragraph at lines 282--282
\OT1/cmr/m/n/9 (-20) thresh- 
 []


Overfull \hbox (5.41249pt too wide) in paragraph at lines 282--282
\OT1/cmr/m/n/9 (-20) based 
 []


Overfull \hbox (1.5498pt too wide) in paragraph at lines 282--282
\OT1/cmr/m/n/9 (-20) data. 
 []


Overfull \hbox (1.33665pt too wide) in paragraph at lines 282--282
\OT1/cmr/m/n/9 (-20) need 
 []


Overfull \hbox (3.0658pt too wide) in paragraph at lines 282--282
\OT1/cmr/m/n/9 (-20) clam, 
 []


Overfull \hbox (4.82324pt too wide) in paragraph at lines 282--282
\OT1/cmr/m/n/9 (-20) think.  
 []


Overfull \hbox (3.8513pt too wide) in paragraph at lines 282--282
\OT1/cmr/m/n/9 (-20) cided 
 []


Overfull \hbox (9.42786pt too wide) in paragraph at lines 282--282
\OT1/cmr/m/n/9 (-20) thresh- 
 []


Overfull \hbox (5.41249pt too wide) in paragraph at lines 282--282
\OT1/cmr/m/n/9 (-20) based 
 []


Overfull \hbox (1.5498pt too wide) in paragraph at lines 282--282
\OT1/cmr/m/n/9 (-20) data. 
 []


Overfull \hbox (1.33665pt too wide) in paragraph at lines 282--282
\OT1/cmr/m/n/9 (-20) need 
 []


Overfull \hbox (3.0658pt too wide) in paragraph at lines 282--282
\OT1/cmr/m/n/9 (-20) clam, 
 []


Overfull \hbox (4.82324pt too wide) in paragraph at lines 282--282
\OT1/cmr/m/n/9 (-20) think.  
 []

(./tab_experiments.tex
Overfull \hbox (265.15932pt too wide) in paragraph at lines 6--43
 [][] 
 []

) [5.5]
Underfull \vbox (badness 10000) has occurred while \output is active []

)
(./main.bbl
Underfull \hbox (badness 1205) in paragraph at lines 46--53
[]\OT1/cmr/m/n/7 (+20) Samuel R Atch-er-son, Ash-ley E De-Laune, Kristie Had-de
n,
 []

Missing character: There is no  in font cmr7!
Missing character: There is no  in font cmr7!

Underfull \vbox (badness 3108) has occurred while \output is active []

 [6.6]
Underfull \vbox (badness 10000) has occurred while \output is active []

) [7.7]
[8.8 <./graphics/bar_corr_pearson15_values.pdf> <./graphics/bar_corr_spearman15
_values.pdf

pdfTeX warning: pdflatex (file ./graphics/bar_corr_spearman15_values.pdf): PDF 
inclusion: multiple pdfs with page group included in a single page
> <./graphics/bar_corr_kendalltau15_values.pdf

pdfTeX warning: pdflatex (file ./graphics/bar_corr_kendalltau15_values.pdf): PD
F inclusion: multiple pdfs with page group included in a single page
> <./graphics/legend62.pdf

pdfTeX warning: pdflatex (file ./graphics/legend62.pdf): PDF inclusion: multipl
e pdfs with page group included in a single page
>] [9.9 <./graphics/bar_corr_pearson16_values.pdf> <./graphics/bar_corr_spearma
n16_values.pdf

pdfTeX warning: pdflatex (file ./graphics/bar_corr_spearman16_values.pdf): PDF 
inclusion: multiple pdfs with page group included in a single page
> <./graphics/bar_corr_kendalltau16_values.pdf

pdfTeX warning: pdflatex (file ./graphics/bar_corr_kendalltau16_values.pdf): PD
F inclusion: multiple pdfs with page group included in a single page
> <./graphics/hyperthermia.png>] [10.10 <./graphics/box_pearson15_raw_values.pd
f> <./graphics/box_spearman15_raw_values.pdf

pdfTeX warning: pdflatex (file ./graphics/box_spearman15_raw_values.pdf): PDF i
nclusion: multiple pdfs with page group included in a single page
> <./graphics/box_kendalltau15_raw_values.pdf

pdfTeX warning: pdflatex (file ./graphics/box_kendalltau15_raw_values.pdf): PDF
 inclusion: multiple pdfs with page group included in a single page
> <./graphics/legendCorr.pdf

pdfTeX warning: pdflatex (file ./graphics/legendCorr.pdf): PDF inclusion: multi
ple pdfs with page group included in a single page
> <./graphics/box_pearson16_raw_values.pdf

pdfTeX warning: pdflatex (file ./graphics/box_pearson16_raw_values.pdf): PDF in
clusion: multiple pdfs with page group included in a single page
> <./graphics/box_spearman16_raw_values.pdf

pdfTeX warning: pdflatex (file ./graphics/box_spearman16_raw_values.pdf): PDF i
nclusion: multiple pdfs with page group included in a single page
> <./graphics/box_kendalltau16_raw_values.pdf

pdfTeX warning: pdflatex (file ./graphics/box_kendalltau16_raw_values.pdf): PDF
 inclusion: multiple pdfs with page group included in a single page
>]
Package atveryend Info: Empty hook `BeforeClearDocument' on input line 109.
Package atveryend Info: Empty hook `AfterLastShipout' on input line 109.
 (./main.aux)
Package atveryend Info: Executing hook `AtVeryEndDocument' on input line 109.
Package atveryend Info: Executing hook `AtEndAfterFileList' on input line 109.
Package rerunfilecheck Info: File `main.out' has not changed.
(rerunfilecheck)             Checksum: 130CE915973D34C843666D006D62D016;1700.


LaTeX Warning: There were undefined references.

 ) 
Here is how much of TeX's memory you used:
 26005 strings out of 494860
 448504 string characters out of 6177602
 639327 words of memory out of 5000000
 28403 multiletter control sequences out of 15000+600000
 19211 words of font info for 137 fonts, out of 8000000 for 9000
 197 hyphenation exceptions out of 8191
 62i,19n,94p,966b,860s stack positions out of 5000i,500n,10000p,200000b,80000s
 </home/palotti/.texmf-var/fonts/pk/ljfour/jknappen/ec/tcrm0700.600pk></usr/s
hare/texlive/texmf-dist/fonts/type1/public/amsfonts/cm/cmbx10.pfb></usr/share/t
exlive/texmf-dist/fonts/type1/public/amsfonts/cm/cmbx8.pfb></usr/share/texlive/
texmf-dist/fonts/type1/public/amsfonts/cm/cmbx9.pfb></usr/share/texlive/texmf-d
ist/fonts/type1/public/amsfonts/cm/cmmi6.pfb></usr/share/texlive/texmf-dist/fon
ts/type1/public/amsfonts/cm/cmmi9.pfb></usr/share/texlive/texmf-dist/fonts/type
1/public/amsfonts/cm/cmr5.pfb></usr/share/texlive/texmf-dist/fonts/type1/public
/amsfonts/cm/cmr6.pfb></usr/share/texlive/texmf-dist/fonts/type1/public/amsfont
s/cm/cmr7.pfb></usr/share/texlive/texmf-dist/fonts/type1/public/amsfonts/cm/cmr
8.pfb></usr/share/texlive/texmf-dist/fonts/type1/public/amsfonts/cm/cmr9.pfb></
usr/share/texlive/texmf-dist/fonts/type1/public/amsfonts/cm/cmss9.pfb></usr/sha
re/texlive/texmf-dist/fonts/type1/public/amsfonts/cm/cmssbx10.pfb></usr/share/t
exlive/texmf-dist/fonts/type1/public/amsfonts/cm/cmsy6.pfb></usr/share/texlive/
texmf-dist/fonts/type1/public/amsfonts/cm/cmsy9.pfb></usr/share/texlive/texmf-d
ist/fonts/type1/public/amsfonts/cm/cmti7.pfb></usr/share/texlive/texmf-dist/fon
ts/type1/public/amsfonts/cm/cmti8.pfb></usr/share/texlive/texmf-dist/fonts/type
1/public/amsfonts/cm/cmti9.pfb>
Output written on main.pdf (10 pages, 722758 bytes).
PDF statistics:
 1022 PDF objects out of 1200 (max. 8388607)
 378 compressed objects within 4 object streams
 77 named destinations out of 1000 (max. 500000)
 21688 words of extra memory for PDF output out of 24883 (max. 10000000)

